<?xml version="1.0" encoding="UTF-8"?>
<testng-results skipped="0" failed="0" total="2" passed="2">
  <reporter-output>
  </reporter-output>
  <suite name="Default suite" duration-ms="38206" started-at="2020-03-17T07:24:29Z" finished-at="2020-03-17T07:25:07Z">
    <groups>
    </groups>
    <test name="Default test" duration-ms="38206" started-at="2020-03-17T07:24:29Z" finished-at="2020-03-17T07:25:07Z">
      <class name="Tests.TestForRegistration">
        <test-method status="PASS" signature="setUp()[pri:0, instance:Tests.TestForRegistration@27efef64]" name="setUp" is-config="true" duration-ms="14703" started-at="2020-03-17T12:54:29Z" finished-at="2020-03-17T12:54:44Z">
          <reporter-output>
          </reporter-output>
        </test-method> <!-- setUp -->
        <test-method status="PASS" signature="loginTest(java.lang.String, java.lang.String, java.lang.String, java.lang.String, java.lang.String)[pri:0, instance:Tests.TestForRegistration@27efef64]" name="loginTest" duration-ms="7462" started-at="2020-03-17T12:54:44Z" data-provider="getRegistrationFields" finished-at="2020-03-17T12:54:51Z">
          <params>
            <param index="0">
              <value>
                <![CDATA[ronny1]]>
              </value>
            </param>
            <param index="1">
              <value>
                <![CDATA[fort2]]>
              </value>
            </param>
            <param index="2">
              <value>
                <![CDATA[avenue48]]>
              </value>
            </param>
            <param index="3">
              <value>
                <![CDATA[city59]]>
              </value>
            </param>
            <param index="4">
              <value>
                <![CDATA[rofoty121]]>
              </value>
            </param>
          </params>
          <reporter-output>
          </reporter-output>
        </test-method> <!-- loginTest -->
        <test-method status="PASS" signature="close()[pri:0, instance:Tests.TestForRegistration@27efef64]" name="close" is-config="true" duration-ms="701" started-at="2020-03-17T12:54:51Z" finished-at="2020-03-17T12:54:52Z">
          <reporter-output>
          </reporter-output>
        </test-method> <!-- close -->
        <test-method status="PASS" signature="setUp()[pri:0, instance:Tests.TestForRegistration@27efef64]" name="setUp" is-config="true" duration-ms="9684" started-at="2020-03-17T12:54:52Z" finished-at="2020-03-17T12:55:02Z">
          <reporter-output>
          </reporter-output>
        </test-method> <!-- setUp -->
        <test-method status="PASS" signature="loginTest(java.lang.String, java.lang.String, java.lang.String, java.lang.String, java.lang.String)[pri:0, instance:Tests.TestForRegistration@27efef64]" name="loginTest" duration-ms="4384" started-at="2020-03-17T12:55:02Z" data-provider="getRegistrationFields" finished-at="2020-03-17T12:55:06Z">
          <params>
            <param index="0">
              <value>
                <![CDATA[swop3]]>
              </value>
            </param>
            <param index="1">
              <value>
                <![CDATA[seagull4]]>
              </value>
            </param>
            <param index="2">
              <value>
                <![CDATA[landmark70]]>
              </value>
            </param>
            <param index="3">
              <value>
                <![CDATA[city60]]>
              </value>
            </param>
            <param index="4">
              <value>
                <![CDATA[swosea345]]>
              </value>
            </param>
          </params>
          <reporter-output>
          </reporter-output>
        </test-method> <!-- loginTest -->
        <test-method status="PASS" signature="close()[pri:0, instance:Tests.TestForRegistration@27efef64]" name="close" is-config="true" duration-ms="702" started-at="2020-03-17T12:55:06Z" finished-at="2020-03-17T12:55:07Z">
          <reporter-output>
          </reporter-output>
        </test-method> <!-- close -->
      </class> <!-- Tests.TestForRegistration -->
    </test> <!-- Default test -->
  </suite> <!-- Default suite -->
</testng-results>
